<?xml version="1.0" encoding="UTF-8"?>
<!-- Generated by org.testng.reporters.JUnitReportReporter -->
<testsuite skipped="0" hostname="ETC1704552" name="Web_Basic.FlipKartAppTest" tests="1" failures="0" timestamp="2021-07-19T10:51:56 IST" time="0.706" errors="0">
  <testcase name="flipkart" time="0.706" classname="Web_Basic.FlipKartAppTest"/>
  <system-out/>
</testsuite> <!-- Web_Basic.FlipKartAppTest -->
