<?xml version="1.0" encoding="UTF-8"?>
<!-- Generated by org.testng.reporters.JUnitReportReporter -->
<testsuite skipped="0" hostname="ETC1704552" name="Web_Basic.RadioButton_checkboxControll" tests="1" failures="0" timestamp="2021-07-23T19:03:54 IST" time="3.086" errors="0">
  <testcase name="handlebutton" time="3.086" classname="Web_Basic.RadioButton_checkboxControll"/>
  <system-out/>
</testsuite> <!-- Web_Basic.RadioButton_checkboxControll -->
