<?xml version="1.0" encoding="UTF-8"?>
<!-- Generated by org.testng.reporters.JUnitReportReporter -->
<testsuite skipped="0" hostname="ETC1704552" name="Web_Basic.GoogleDemo_Keyboard" tests="1" failures="0" timestamp="2021-07-20T14:05:07 IST" time="13.917" errors="0">
  <testcase name="handleFrame" time="13.917" classname="Web_Basic.GoogleDemo_Keyboard"/>
  <system-out/>
</testsuite> <!-- Web_Basic.GoogleDemo_Keyboard -->
