<?xml version="1.0" encoding="UTF-8"?>
<!-- Generated by org.testng.reporters.JUnitReportReporter -->
<testsuite skipped="0" hostname="ETC1704552" name="Web_Basic.AlertHandling" tests="1" failures="0" timestamp="2021-07-20T10:16:53 IST" time="0.148" errors="0">
  <testcase name="handleAlert" time="0.148" classname="Web_Basic.AlertHandling"/>
  <system-out/>
</testsuite> <!-- Web_Basic.AlertHandling -->
