<?xml version="1.0" encoding="UTF-8"?>
<!-- Generated by org.testng.reporters.JUnitReportReporter -->
<testsuite skipped="0" hostname="ETC1704552" name="Web_Basic.Action_DragDrop" tests="1" failures="0" timestamp="2021-07-21T11:14:46 IST" time="0.774" errors="0">
  <testcase name="handleFrame" time="0.774" classname="Web_Basic.Action_DragDrop"/>
  <system-out/>
</testsuite> <!-- Web_Basic.Action_DragDrop -->
