<?xml version="1.0" encoding="UTF-8"?>
<!-- Generated by org.testng.reporters.JUnitReportReporter -->
<testsuite skipped="0" hostname="ETC1704552" name="Web_Basic.ListboxControl" tests="1" failures="0" timestamp="2021-07-19T16:02:36 IST" time="11.745" errors="0">
  <testcase name="handlebutton" time="11.745" classname="Web_Basic.ListboxControl"/>
  <system-out/>
</testsuite> <!-- Web_Basic.ListboxControl -->
