<?xml version="1.0" encoding="UTF-8"?>
<!-- Generated by org.testng.reporters.JUnitReportReporter -->
<testsuite skipped="0" hostname="ETC1704552" name="Web_Basic.FlipKartAppTest_Navigation" tests="1" failures="0" timestamp="2021-07-19T11:38:52 IST" time="11.709" errors="0">
  <testcase name="flipkart" time="11.709" classname="Web_Basic.FlipKartAppTest_Navigation"/>
  <system-out/>
</testsuite> <!-- Web_Basic.FlipKartAppTest_Navigation -->
