<?xml version="1.0" encoding="UTF-8"?>
<!-- Generated by org.testng.reporters.JUnitReportReporter -->
<testsuite skipped="0" hostname="ETC1704552" name="Web_Basic.Buttoncontrol" tests="1" failures="0" timestamp="2021-07-19T11:45:01 IST" time="0.272" errors="0">
  <testcase name="handlebutton" time="0.272" classname="Web_Basic.Buttoncontrol"/>
  <system-out/>
</testsuite> <!-- Web_Basic.Buttoncontrol -->
